Unity Editor version:    2020.3.26f1 (7298b473bc1a)
Branch:                  2020.3/staging
Build type:              Release
Batch mode:              YES
macOS version:           Version 12.3.1 (Build 21E258)
Darwin version:          21.4.0
Architecture:            x86_64
Running under Rosetta:   NO
Available memory:        16384 MB
Using pre-set license
Pro License: NO

COMMAND LINE ARGUMENTS:
/Applications/Unity/Hub/Editor/2020.3.26f1/Unity.app/Contents/MacOS/Unity
-adb2
-batchMode
-noUpm
-name
AssetImportWorker0
-projectPath
/Users/jackynorm/Documents/GitHub/STR-DCIS/Source/STR-DCIS
-logFile
Logs/AssetImportWorker0.log
-srvPort
53209
Successfully changed project path to: /Users/jackynorm/Documents/GitHub/STR-DCIS/Source/STR-DCIS
/Users/jackynorm/Documents/GitHub/STR-DCIS/Source/STR-DCIS
Using Asset Import Pipeline V2.
Refreshing native plugins compatible for Editor in 55.02 ms, found 3 plugins.
Preloading 0 native plugins for Editor in 0.00 ms.
Initialize engine version: 2020.3.26f1 (7298b473bc1a)
[Subsystems] Discovering subsystems at path /Applications/Unity/Hub/Editor/2020.3.26f1/Unity.app/Contents/Resources/UnitySubsystems
[Subsystems] Discovering subsystems at path /Users/jackynorm/Documents/GitHub/STR-DCIS/Source/STR-DCIS/Assets
GfxDevice: creating device client; threaded=0
2022-04-17 17:48:51.031 Unity[15237:457286] BenQ GW2480 preferred device: Intel(R) Iris(TM) Plus Graphics 640 (low power)
2022-04-17 17:48:51.031 Unity[15237:457286] Metal devices available: 1
2022-04-17 17:48:51.031 Unity[15237:457286] 0: Intel(R) Iris(TM) Plus Graphics 640 (low power)
2022-04-17 17:48:51.031 Unity[15237:457286] Using device Intel(R) Iris(TM) Plus Graphics 640 (low power)
Initializing Metal device caps: Intel(R) Iris(TM) Plus Graphics 640
Initialize mono
Mono path[0] = '/Applications/Unity/Hub/Editor/2020.3.26f1/Unity.app/Contents/Managed'
Mono path[1] = '/Applications/Unity/Hub/Editor/2020.3.26f1/Unity.app/Contents/MonoBleedingEdge/lib/mono/unityjit'
Mono config path = '/Applications/Unity/Hub/Editor/2020.3.26f1/Unity.app/Contents/MonoBleedingEdge/etc'
Using monoOptions --debugger-agent=transport=dt_socket,embedding=1,server=y,suspend=n,address=127.0.0.1:56237
Begin MonoManager ReloadAssembly
Registering precompiled unity dll's ...
Register platform support module: /Applications/Unity/Hub/Editor/2020.3.26f1/PlaybackEngines/WebGLSupport/UnityEditor.WebGL.Extensions.dll
Register platform support module: /Applications/Unity/Hub/Editor/2020.3.26f1/Unity.app/Contents/PlaybackEngines/MacStandaloneSupport/UnityEditor.OSXStandalone.Extensions.dll
Registered in 0.004577 seconds.
Native extension for OSXStandalone target not found
Native extension for WebGL target not found
Refreshing native plugins compatible for Editor in 47.74 ms, found 3 plugins.
Preloading 0 native plugins for Editor in 0.00 ms.
Mono: successfully reloaded assembly
- Completed reload, in  0.704 seconds
Domain Reload Profiling:
	ReloadAssembly (704ms)
		BeginReloadAssembly (41ms)
			ExecutionOrderSort (0ms)
			DisableScriptedObjects (0ms)
			BackupInstance (0ms)
			ReleaseScriptingObjects (0ms)
			CreateAndSetChildDomain (1ms)
		EndReloadAssembly (575ms)
			LoadAssemblies (62ms)
			RebuildTransferFunctionScriptingTraits (0ms)
			SetupTypeCache (207ms)
			ReleaseScriptCaches (0ms)
			RebuildScriptCaches (46ms)
			SetupLoadedEditorAssemblies (206ms)
				LogAssemblyErrors (0ms)
				InitializePlatformSupportModulesInManaged (6ms)
				SetLoadedEditorAssemblies (0ms)
				RefreshPlugins (48ms)
				BeforeProcessingInitializeOnLoad (9ms)
				ProcessInitializeOnLoadAttributes (108ms)
				ProcessInitializeOnLoadMethodAttributes (35ms)
				AfterProcessingInitializeOnLoad (0ms)
				EditorAssembliesLoaded (0ms)
			ExecutionOrderSort2 (0ms)
			AwakeInstancesAfterBackupRestoration (0ms)
Platform modules already initialized, skipping
Registering precompiled user dll's ...
Registered in 0.006414 seconds.
Begin MonoManager ReloadAssembly
Native extension for OSXStandalone target not found
Native extension for WebGL target not found
Refreshing native plugins compatible for Editor in 64.92 ms, found 3 plugins.
Preloading 0 native plugins for Editor in 0.00 ms.
Mono: successfully reloaded assembly
- Completed reload, in  1.540 seconds
Domain Reload Profiling:
	ReloadAssembly (1541ms)
		BeginReloadAssembly (151ms)
			ExecutionOrderSort (0ms)
			DisableScriptedObjects (6ms)
			BackupInstance (0ms)
			ReleaseScriptingObjects (0ms)
			CreateAndSetChildDomain (25ms)
		EndReloadAssembly (1317ms)
			LoadAssemblies (248ms)
			RebuildTransferFunctionScriptingTraits (0ms)
			SetupTypeCache (376ms)
			ReleaseScriptCaches (0ms)
			RebuildScriptCaches (62ms)
			SetupLoadedEditorAssemblies (478ms)
				LogAssemblyErrors (0ms)
				InitializePlatformSupportModulesInManaged (5ms)
				SetLoadedEditorAssemblies (0ms)
				RefreshPlugins (65ms)
				BeforeProcessingInitializeOnLoad (103ms)
				ProcessInitializeOnLoadAttributes (282ms)
				ProcessInitializeOnLoadMethodAttributes (23ms)
				AfterProcessingInitializeOnLoad (1ms)
				EditorAssembliesLoaded (0ms)
			ExecutionOrderSort2 (0ms)
			AwakeInstancesAfterBackupRestoration (9ms)
Platform modules already initialized, skipping
Validating Project structure ... 0.001600 seconds.
Shader import version has changed; will reimport all shaders...
Upgrading shader files ...0.002386 seconds.
Application.AssetDatabase Initial Script Refresh Start
RefreshInfo: InitialScriptRefreshV2(NoUpdateAssetOptions) scanfilter:  ... 1 filters
RefreshProfiler: Total: 0.000ms
Application.AssetDatabase Initial Script Refresh End
Application.AssetDatabase.Refresh Start
Application.AssetDatabase.Refresh End
RefreshInfo: StopAssetImportingV2(ForceSynchronousImport) scanfilter: 
RefreshProfiler: Total: 0.000ms
Launching external process: /Applications/Unity/Hub/Editor/2020.3.26f1/Unity.app/Contents/Tools/UnityShaderCompiler
Launched and connected shader compiler UnityShaderCompiler after 0.02 seconds
Initializing Unity extensions:
2022-04-17 17:48:56.175 Unity[15237:457286] NSEventModifierFlagFunction specified to -setKeyEquivalentModifierMask: for item <NSMenuItem: 0x600000151ab0 Font Asset, ke='Command-F12'>, but is only supported for system-provided menu items; will not be used
2022-04-17 17:48:56.181 Unity[15237:457286] NSEventModifierFlagFunction specified to -setKeyEquivalentModifierMask: for item <NSMenuItem: 0x600000120ee0 Font Asset, ke='Command-F12'>, but is only supported for system-provided menu items; will not be used
========================================================================
Worker process is ready to serve import requests
Refreshing native plugins compatible for Editor in 0.72 ms, found 3 plugins.
Preloading 0 native plugins for Editor in 0.00 ms.
Unloading 2213 Unused Serialized files (Serialized files now loaded: 0)
System memory in use before: 192.8 MB.
System memory in use after: 192.1 MB.

Unloading 107 unused Assets to reduce memory usage. Loaded Objects now: 2693.
Total: 5.460745 ms (FindLiveObjects: 0.359944 ms CreateObjectMapping: 0.130832 ms MarkObjects: 4.216203 ms  DeleteObjects: 0.752582 ms)

AssetImportParameters requested are different than current active one (requested -> active):
  custom:video-decoder-ogg-theora: a1e56fd34408186e4bbccfd4996cb3dc -> 
  custom:container-muxer-webm: aa71ff27fc2769a1b78a27578f13a17b -> 
  custom:container-demuxer-webm: 4f35f7cbe854078d1ac9338744f61a02 -> 
  custom:container-demuxer-ogg: 62fdf1f143b41e24485cea50d1cbac27 -> 
  custom:video-encoder-webm-vp8: eb34c28f22e8b96e1ab97ce403110664 -> 
  custom:framework-osx-AVFoundation: e770b220cccbd017edd2c1fefb359320 -> 
  custom:video-decoder-webm-vp8: 9c59270c3fd7afecdb556c50c9e8de78 -> 
  custom:audio-decoder-ogg-vorbis: bf7c407c2cedff20999df2af8eb42d56 -> 
  custom:audio-encoder-webm-vorbis: bf7c407c2cedff20999df2af8eb42d56 -> 
========================================================================
Received Import Request.
  path: Assets/wood.png
  artifactKey: Guid(58e01e69b08144d60832633c6e4fb0ec) Importer(815301076,1909f56bfc062723c751e8b465ee728b)
Start importing Assets/wood.png using Guid(58e01e69b08144d60832633c6e4fb0ec) Importer(815301076,1909f56bfc062723c751e8b465ee728b)  -> (artifact id: 'c3b3d9c55a1ebfdec77a945171a6180a') in 0.439250 seconds 
  Import took 0.448191 seconds .

========================================================================
Received Import Request.
  Time since last request: 0.000318 seconds.
  path: Assets/HalfHeart.png
  artifactKey: Guid(41d61428106ac4895b50e4f1ed614356) Importer(815301076,1909f56bfc062723c751e8b465ee728b)
Start importing Assets/HalfHeart.png using Guid(41d61428106ac4895b50e4f1ed614356) Importer(815301076,1909f56bfc062723c751e8b465ee728b)  -> (artifact id: '3df2507e247ced8b6d7482e65a0ae537') in 0.036829 seconds 
  Import took 0.040207 seconds .

========================================================================
Received Import Request.
  Time since last request: 0.000230 seconds.
  path: Assets/CombatBar.png
  artifactKey: Guid(061ee63dc3b6b4e9bb6b5b004ca7874a) Importer(815301076,1909f56bfc062723c751e8b465ee728b)
Start importing Assets/CombatBar.png using Guid(061ee63dc3b6b4e9bb6b5b004ca7874a) Importer(815301076,1909f56bfc062723c751e8b465ee728b)  -> (artifact id: 'f8860c7fe962c22f50f9436276a37f59') in 0.023979 seconds 
  Import took 0.027070 seconds .

========================================================================
Received Import Request.
  Time since last request: 0.000351 seconds.
  path: Assets/BattleState.png
  artifactKey: Guid(79ca6c97c184542fe9af75675d85a9a8) Importer(815301076,1909f56bfc062723c751e8b465ee728b)
Start importing Assets/BattleState.png using Guid(79ca6c97c184542fe9af75675d85a9a8) Importer(815301076,1909f56bfc062723c751e8b465ee728b)  -> (artifact id: '168a556e03bc9399d3289cb5c0cda0df') in 0.028777 seconds 
  Import took 0.032491 seconds .

========================================================================
Received Import Request.
  Time since last request: 0.000234 seconds.
  path: Assets/FullHeart.png
  artifactKey: Guid(f8ceac9afbbfb46edaa40c26993a2ced) Importer(815301076,1909f56bfc062723c751e8b465ee728b)
Start importing Assets/FullHeart.png using Guid(f8ceac9afbbfb46edaa40c26993a2ced) Importer(815301076,1909f56bfc062723c751e8b465ee728b)  -> (artifact id: '56e3dbcff084575e8ce6734a7bd33caa') in 0.019448 seconds 
  Import took 0.022739 seconds .

========================================================================
Received Import Request.
  Time since last request: 0.000229 seconds.
  path: Assets/Orange kid.ttf
  artifactKey: Guid(b512e8ec0d3da446889c135bb7d64774) Importer(815301076,1909f56bfc062723c751e8b465ee728b)
Start importing Assets/Orange kid.ttf using Guid(b512e8ec0d3da446889c135bb7d64774) Importer(815301076,1909f56bfc062723c751e8b465ee728b)  -> (artifact id: '2496bdd289da83f5f1df013a8f3bcd9f') in 0.382161 seconds 
  Import took 0.389103 seconds .

========================================================================
Received Import Request.
  Time since last request: 0.000280 seconds.
  path: Assets/MoonBackground.png
  artifactKey: Guid(ad05786c084e67047a40d1684ceee99d) Importer(815301076,1909f56bfc062723c751e8b465ee728b)
Start importing Assets/MoonBackground.png using Guid(ad05786c084e67047a40d1684ceee99d) Importer(815301076,1909f56bfc062723c751e8b465ee728b)  -> (artifact id: '03f360fc802e8976d1ec09d1898cafff') in 0.023059 seconds 
  Import took 0.026256 seconds .

========================================================================
Received Import Request.
  Time since last request: 0.000286 seconds.
  path: Assets/ExitDoor1.png
  artifactKey: Guid(7b388a1528da9435db49d05e7394712b) Importer(815301076,1909f56bfc062723c751e8b465ee728b)
Start importing Assets/ExitDoor1.png using Guid(7b388a1528da9435db49d05e7394712b) Importer(815301076,1909f56bfc062723c751e8b465ee728b)  -> (artifact id: '70e8dfefb86d3fefa3d1a3330f2a377b') in 0.023198 seconds 
  Import took 0.026412 seconds .

========================================================================
Received Import Request.
  Time since last request: 0.000255 seconds.
  path: Assets/ShootButton.png
  artifactKey: Guid(55a22dc8c1d2f4cd7bb0a971c6bb6342) Importer(815301076,1909f56bfc062723c751e8b465ee728b)
Start importing Assets/ShootButton.png using Guid(55a22dc8c1d2f4cd7bb0a971c6bb6342) Importer(815301076,1909f56bfc062723c751e8b465ee728b)  -> (artifact id: '85836c7e6b2dd0af546e142b441be1a6') in 0.017444 seconds 
  Import took 0.020523 seconds .

========================================================================
Received Import Request.
  Time since last request: 0.000311 seconds.
  path: Assets/Doorway.png
  artifactKey: Guid(a6e1a5d67db417145a213a7224c598dc) Importer(815301076,1909f56bfc062723c751e8b465ee728b)
Start importing Assets/Doorway.png using Guid(a6e1a5d67db417145a213a7224c598dc) Importer(815301076,1909f56bfc062723c751e8b465ee728b)  -> (artifact id: '0e534820c756005d7d7f8b547af0fadb') in 0.008652 seconds 
  Import took 0.011534 seconds .

========================================================================
Received Import Request.
  Time since last request: 0.000229 seconds.
  path: Assets/vertical stone.png.png
  artifactKey: Guid(e9c5d7d4422924c8b86bd10ccac7ba67) Importer(815301076,1909f56bfc062723c751e8b465ee728b)
Start importing Assets/vertical stone.png.png using Guid(e9c5d7d4422924c8b86bd10ccac7ba67) Importer(815301076,1909f56bfc062723c751e8b465ee728b)  -> (artifact id: '3dee9d53d16e4030ef7ffcd6c757797a') in 0.008777 seconds 
  Import took 0.011719 seconds .

========================================================================
Received Import Request.
  Time since last request: 0.000248 seconds.
  path: Assets/darkerwood.png
  artifactKey: Guid(98be1f603ba37450290dd03b0e99e9ff) Importer(815301076,1909f56bfc062723c751e8b465ee728b)
Start importing Assets/darkerwood.png using Guid(98be1f603ba37450290dd03b0e99e9ff) Importer(815301076,1909f56bfc062723c751e8b465ee728b)  -> (artifact id: 'f591dc1b0f2d8390a4c7bcd541a15f3c') in 0.008077 seconds 
  Import took 0.010944 seconds .

========================================================================
Received Import Request.
  Time since last request: 0.000421 seconds.
  path: Assets/Enemy.prefab
  artifactKey: Guid(bcdce1550ae1e430997bf686055d2634) Importer(815301076,1909f56bfc062723c751e8b465ee728b)
Start importing Assets/Enemy.prefab using Guid(bcdce1550ae1e430997bf686055d2634) Importer(815301076,1909f56bfc062723c751e8b465ee728b)  -> (artifact id: 'e95e0dc6391557ba30eee96da78e4887') in 0.269961 seconds 
  Import took 0.276509 seconds .

========================================================================
Received Import Request.
  Time since last request: 0.000242 seconds.
  path: Assets/Moon Background.PNG
  artifactKey: Guid(08d6a3f55e45a9442a4dca4deec22bd1) Importer(815301076,1909f56bfc062723c751e8b465ee728b)
Start importing Assets/Moon Background.PNG using Guid(08d6a3f55e45a9442a4dca4deec22bd1) Importer(815301076,1909f56bfc062723c751e8b465ee728b)  -> (artifact id: '16b7e9d3cc4976623c64f14eef9da46f') in 1.131405 seconds 
  Import took 1.140387 seconds .

========================================================================
Received Import Request.
  Time since last request: 0.000261 seconds.
  path: Assets/art.jpg
  artifactKey: Guid(71b58bf235a264c48acc4a2862a7abbf) Importer(815301076,1909f56bfc062723c751e8b465ee728b)
Start importing Assets/art.jpg using Guid(71b58bf235a264c48acc4a2862a7abbf) Importer(815301076,1909f56bfc062723c751e8b465ee728b)  -> (artifact id: '4e533e57891e38fa1ee1173d2db8ea51') in 0.276082 seconds 
  Import took 0.284719 seconds .

========================================================================
Received Import Request.
  Time since last request: 0.000264 seconds.
  path: Assets/Doorway2.png
  artifactKey: Guid(c8b18e052997a3d45bf809f72fd62e4d) Importer(815301076,1909f56bfc062723c751e8b465ee728b)
Start importing Assets/Doorway2.png using Guid(c8b18e052997a3d45bf809f72fd62e4d) Importer(815301076,1909f56bfc062723c751e8b465ee728b)  -> (artifact id: 'bdf12b4f49d6700b45d56aebe55036b8') in 0.015140 seconds 
  Import took 0.019680 seconds .

========================================================================
Received Import Request.
  Time since last request: 0.000489 seconds.
  path: Assets/EmptyHeart.png
  artifactKey: Guid(6f16c17c6b1214122814b7cf7bf53e3e) Importer(815301076,1909f56bfc062723c751e8b465ee728b)
Start importing Assets/EmptyHeart.png using Guid(6f16c17c6b1214122814b7cf7bf53e3e) Importer(815301076,1909f56bfc062723c751e8b465ee728b)  -> (artifact id: '5458fd0d914e2e3d74993cf391f63827') in 0.028165 seconds 
  Import took 0.034964 seconds .

========================================================================
Received Import Request.
  Time since last request: 0.000316 seconds.
  path: Assets/Player.prefab
  artifactKey: Guid(d1cb60869fdb04d6e862ce1fbfff3cea) Importer(815301076,1909f56bfc062723c751e8b465ee728b)
Start importing Assets/Player.prefab using Guid(d1cb60869fdb04d6e862ce1fbfff3cea) Importer(815301076,1909f56bfc062723c751e8b465ee728b)  -> (artifact id: 'd2405036de4fbf43784ece9049cca99a') in 0.021674 seconds 
  Import took 0.039952 seconds .

========================================================================
Received Import Request.
  Time since last request: 0.000276 seconds.
  path: Assets/PlayerEnemyUI.png
  artifactKey: Guid(f4f418e30da6f458093b9c563a2a2ce8) Importer(815301076,1909f56bfc062723c751e8b465ee728b)
Start importing Assets/PlayerEnemyUI.png using Guid(f4f418e30da6f458093b9c563a2a2ce8) Importer(815301076,1909f56bfc062723c751e8b465ee728b)  -> (artifact id: 'e152541919b67ea7f80cfae0f9727415') in 0.022295 seconds 
  Import took 0.026069 seconds .

========================================================================
Received Import Request.
  Time since last request: 0.000280 seconds.
  path: Assets/Treasure.png
  artifactKey: Guid(ed5ffad2c4bdeb243b9154891abec88d) Importer(815301076,1909f56bfc062723c751e8b465ee728b)
Start importing Assets/Treasure.png using Guid(ed5ffad2c4bdeb243b9154891abec88d) Importer(815301076,1909f56bfc062723c751e8b465ee728b)  -> (artifact id: 'cdd29aebf1cad879c78db081bba0e1cf') in 0.020055 seconds 
  Import took 0.024067 seconds .

========================================================================
Received Import Request.
  Time since last request: 0.000393 seconds.
  path: Assets/tunes.mp3
  artifactKey: Guid(620b91dec159a074e9b42fed8b32e80a) Importer(815301076,1909f56bfc062723c751e8b465ee728b)
Start importing Assets/tunes.mp3 using Guid(620b91dec159a074e9b42fed8b32e80a) Importer(815301076,1909f56bfc062723c751e8b465ee728b)  -> (artifact id: '6e7f7b685b4b12d4ef3dd22bebfdba74') in 0.283984 seconds 
  Import took 0.291421 seconds .

========================================================================
Received Import Request.
  Time since last request: 38.995034 seconds.
  path: Assets/Scripts/Scripts.asmdef
  artifactKey: Guid(3270605397f9682418c2d601e27ec42e) Importer(815301076,1909f56bfc062723c751e8b465ee728b)
Start importing Assets/Scripts/Scripts.asmdef using Guid(3270605397f9682418c2d601e27ec42e) Importer(815301076,1909f56bfc062723c751e8b465ee728b)  -> (artifact id: '6e4252cc6e9e0ff530500473e5dd2c98') in 0.088779 seconds 
  Import took 0.096339 seconds .

========================================================================
Received Prepare
Registering precompiled user dll's ...
Registered in 0.001142 seconds.
Begin MonoManager ReloadAssembly
Native extension for OSXStandalone target not found
Native extension for WebGL target not found
Refreshing native plugins compatible for Editor in 0.66 ms, found 3 plugins.
Preloading 0 native plugins for Editor in 0.00 ms.
2022-04-17 17:50:19.070 Unity[15237:457286] NSEventModifierFlagFunction specified to -setKeyEquivalentModifierMask: for item <NSMenuItem: 0x6000001788c0 Font Asset, ke='Command-F12'>, but is only supported for system-provided menu items; will not be used
Mono: successfully reloaded assembly
- Completed reload, in  1.462 seconds
Domain Reload Profiling:
	ReloadAssembly (1462ms)
		BeginReloadAssembly (129ms)
			ExecutionOrderSort (0ms)
			DisableScriptedObjects (6ms)
			BackupInstance (0ms)
			ReleaseScriptingObjects (0ms)
			CreateAndSetChildDomain (52ms)
		EndReloadAssembly (1220ms)
			LoadAssemblies (110ms)
			RebuildTransferFunctionScriptingTraits (0ms)
			SetupTypeCache (470ms)
			ReleaseScriptCaches (1ms)
			RebuildScriptCaches (83ms)
			SetupLoadedEditorAssemblies (406ms)
				LogAssemblyErrors (0ms)
				InitializePlatformSupportModulesInManaged (7ms)
				SetLoadedEditorAssemblies (1ms)
				RefreshPlugins (1ms)
				BeforeProcessingInitializeOnLoad (113ms)
				ProcessInitializeOnLoadAttributes (270ms)
				ProcessInitializeOnLoadMethodAttributes (14ms)
				AfterProcessingInitializeOnLoad (1ms)
				EditorAssembliesLoaded (0ms)
			ExecutionOrderSort2 (0ms)
			AwakeInstancesAfterBackupRestoration (11ms)
Platform modules already initialized, skipping
Refreshing native plugins compatible for Editor in 0.60 ms, found 3 plugins.
Preloading 0 native plugins for Editor in 0.00 ms.
Unloading 2201 Unused Serialized files (Serialized files now loaded: 0)
System memory in use before: 220.2 MB.
System memory in use after: 220.4 MB.

Unloading 15 unused Assets to reduce memory usage. Loaded Objects now: 2757.
Total: 3.235648 ms (FindLiveObjects: 0.187299 ms CreateObjectMapping: 0.092554 ms MarkObjects: 2.930329 ms  DeleteObjects: 0.024652 ms)

AssetImportParameters requested are different than current active one (requested -> active):
  custom:video-decoder-ogg-theora: a1e56fd34408186e4bbccfd4996cb3dc -> 
  custom:container-muxer-webm: aa71ff27fc2769a1b78a27578f13a17b -> 
  custom:container-demuxer-webm: 4f35f7cbe854078d1ac9338744f61a02 -> 
  custom:container-demuxer-ogg: 62fdf1f143b41e24485cea50d1cbac27 -> 
  custom:video-encoder-webm-vp8: eb34c28f22e8b96e1ab97ce403110664 -> 
  custom:framework-osx-AVFoundation: e770b220cccbd017edd2c1fefb359320 -> 
  custom:video-decoder-webm-vp8: 9c59270c3fd7afecdb556c50c9e8de78 -> 
  custom:audio-decoder-ogg-vorbis: bf7c407c2cedff20999df2af8eb42d56 -> 
  custom:audio-encoder-webm-vorbis: bf7c407c2cedff20999df2af8eb42d56 -> 
========================================================================
Received Import Request.
  Time since last request: 42.349708 seconds.
  path: Assets/Scenes/level2.unity
  artifactKey: Guid(8c09ceb2c7471894caed83c427b9521c) Importer(815301076,1909f56bfc062723c751e8b465ee728b)
Start importing Assets/Scenes/level2.unity using Guid(8c09ceb2c7471894caed83c427b9521c) Importer(815301076,1909f56bfc062723c751e8b465ee728b)  -> (artifact id: 'bf61aa3e65e1c2c82da6b8b009a7397b') in 0.013317 seconds 
  Import took 0.017114 seconds .

========================================================================
Received Prepare
Registering precompiled user dll's ...
Registered in 0.001175 seconds.
Begin MonoManager ReloadAssembly
Native extension for OSXStandalone target not found
Native extension for WebGL target not found
Refreshing native plugins compatible for Editor in 0.81 ms, found 3 plugins.
Preloading 0 native plugins for Editor in 0.00 ms.
2022-04-17 17:51:00.178 Unity[15237:457286] NSEventModifierFlagFunction specified to -setKeyEquivalentModifierMask: for item <NSMenuItem: 0x60000016f170 Font Asset, ke='Command-F12'>, but is only supported for system-provided menu items; will not be used
Mono: successfully reloaded assembly
- Completed reload, in  1.273 seconds
Domain Reload Profiling:
	ReloadAssembly (1274ms)
		BeginReloadAssembly (112ms)
			ExecutionOrderSort (0ms)
			DisableScriptedObjects (8ms)
			BackupInstance (0ms)
			ReleaseScriptingObjects (0ms)
			CreateAndSetChildDomain (53ms)
		EndReloadAssembly (1090ms)
			LoadAssemblies (77ms)
			RebuildTransferFunctionScriptingTraits (0ms)
			SetupTypeCache (393ms)
			ReleaseScriptCaches (1ms)
			RebuildScriptCaches (66ms)
			SetupLoadedEditorAssemblies (392ms)
				LogAssemblyErrors (0ms)
				InitializePlatformSupportModulesInManaged (8ms)
				SetLoadedEditorAssemblies (1ms)
				RefreshPlugins (1ms)
				BeforeProcessingInitializeOnLoad (121ms)
				ProcessInitializeOnLoadAttributes (248ms)
				ProcessInitializeOnLoadMethodAttributes (12ms)
				AfterProcessingInitializeOnLoad (1ms)
				EditorAssembliesLoaded (0ms)
			ExecutionOrderSort2 (0ms)
			AwakeInstancesAfterBackupRestoration (10ms)
Platform modules already initialized, skipping
Refreshing native plugins compatible for Editor in 0.43 ms, found 3 plugins.
Preloading 0 native plugins for Editor in 0.00 ms.
Unloading 2201 Unused Serialized files (Serialized files now loaded: 0)
System memory in use before: 220.5 MB.
System memory in use after: 220.7 MB.

Unloading 14 unused Assets to reduce memory usage. Loaded Objects now: 2760.
Total: 3.214810 ms (FindLiveObjects: 0.185488 ms CreateObjectMapping: 0.086481 ms MarkObjects: 2.923805 ms  DeleteObjects: 0.018065 ms)

AssetImportParameters requested are different than current active one (requested -> active):
  custom:video-decoder-ogg-theora: a1e56fd34408186e4bbccfd4996cb3dc -> 
  custom:container-muxer-webm: aa71ff27fc2769a1b78a27578f13a17b -> 
  custom:container-demuxer-webm: 4f35f7cbe854078d1ac9338744f61a02 -> 
  custom:container-demuxer-ogg: 62fdf1f143b41e24485cea50d1cbac27 -> 
  custom:video-encoder-webm-vp8: eb34c28f22e8b96e1ab97ce403110664 -> 
  custom:framework-osx-AVFoundation: e770b220cccbd017edd2c1fefb359320 -> 
  custom:video-decoder-webm-vp8: 9c59270c3fd7afecdb556c50c9e8de78 -> 
  custom:audio-decoder-ogg-vorbis: bf7c407c2cedff20999df2af8eb42d56 -> 
  custom:audio-encoder-webm-vorbis: bf7c407c2cedff20999df2af8eb42d56 -> 
========================================================================
Received Prepare
Registering precompiled user dll's ...
Registered in 0.002186 seconds.
Begin MonoManager ReloadAssembly
Native extension for OSXStandalone target not found
Native extension for WebGL target not found
Refreshing native plugins compatible for Editor in 0.54 ms, found 3 plugins.
Preloading 0 native plugins for Editor in 0.00 ms.
2022-04-17 17:51:30.514 Unity[15237:457286] NSEventModifierFlagFunction specified to -setKeyEquivalentModifierMask: for item <NSMenuItem: 0x60000016bf70 Font Asset, ke='Command-F12'>, but is only supported for system-provided menu items; will not be used
Mono: successfully reloaded assembly
- Completed reload, in  2.012 seconds
Domain Reload Profiling:
	ReloadAssembly (2013ms)
		BeginReloadAssembly (129ms)
			ExecutionOrderSort (0ms)
			DisableScriptedObjects (10ms)
			BackupInstance (0ms)
			ReleaseScriptingObjects (0ms)
			CreateAndSetChildDomain (55ms)
		EndReloadAssembly (1755ms)
			LoadAssemblies (90ms)
			RebuildTransferFunctionScriptingTraits (0ms)
			SetupTypeCache (809ms)
			ReleaseScriptCaches (1ms)
			RebuildScriptCaches (86ms)
			SetupLoadedEditorAssemblies (576ms)
				LogAssemblyErrors (0ms)
				InitializePlatformSupportModulesInManaged (6ms)
				SetLoadedEditorAssemblies (1ms)
				RefreshPlugins (1ms)
				BeforeProcessingInitializeOnLoad (109ms)
				ProcessInitializeOnLoadAttributes (437ms)
				ProcessInitializeOnLoadMethodAttributes (22ms)
				AfterProcessingInitializeOnLoad (1ms)
				EditorAssembliesLoaded (0ms)
			ExecutionOrderSort2 (0ms)
			AwakeInstancesAfterBackupRestoration (19ms)
Platform modules already initialized, skipping
Refreshing native plugins compatible for Editor in 0.44 ms, found 3 plugins.
Preloading 0 native plugins for Editor in 0.00 ms.
Unloading 2201 Unused Serialized files (Serialized files now loaded: 0)
System memory in use before: 220.7 MB.
System memory in use after: 220.9 MB.

Unloading 14 unused Assets to reduce memory usage. Loaded Objects now: 2763.
Total: 3.132725 ms (FindLiveObjects: 0.192417 ms CreateObjectMapping: 0.093937 ms MarkObjects: 2.820565 ms  DeleteObjects: 0.024884 ms)

AssetImportParameters requested are different than current active one (requested -> active):
  custom:video-decoder-ogg-theora: a1e56fd34408186e4bbccfd4996cb3dc -> 
  custom:container-muxer-webm: aa71ff27fc2769a1b78a27578f13a17b -> 
  custom:container-demuxer-webm: 4f35f7cbe854078d1ac9338744f61a02 -> 
  custom:container-demuxer-ogg: 62fdf1f143b41e24485cea50d1cbac27 -> 
  custom:video-encoder-webm-vp8: eb34c28f22e8b96e1ab97ce403110664 -> 
  custom:framework-osx-AVFoundation: e770b220cccbd017edd2c1fefb359320 -> 
  custom:video-decoder-webm-vp8: 9c59270c3fd7afecdb556c50c9e8de78 -> 
  custom:audio-decoder-ogg-vorbis: bf7c407c2cedff20999df2af8eb42d56 -> 
  custom:audio-encoder-webm-vorbis: bf7c407c2cedff20999df2af8eb42d56 -> 
========================================================================
Received Import Request.
  Time since last request: 223.761310 seconds.
  path: Assets/Scenes/level1.unity
  artifactKey: Guid(a4a2ee479ad7c43198dc6040da1dd01e) Importer(815301076,1909f56bfc062723c751e8b465ee728b)
Start importing Assets/Scenes/level1.unity using Guid(a4a2ee479ad7c43198dc6040da1dd01e) Importer(815301076,1909f56bfc062723c751e8b465ee728b)  -> (artifact id: '4ea22a92c2a7be293a81c890706dd040') in 0.014715 seconds 
  Import took 0.018661 seconds .

========================================================================
Received Import Request.
  Time since last request: 5.911203 seconds.
  path: Assets/Scenes/level2.unity
  artifactKey: Guid(8c09ceb2c7471894caed83c427b9521c) Importer(815301076,1909f56bfc062723c751e8b465ee728b)
Start importing Assets/Scenes/level2.unity using Guid(8c09ceb2c7471894caed83c427b9521c) Importer(815301076,1909f56bfc062723c751e8b465ee728b)  -> (artifact id: '5340196bbd19906b0418d9ad082b4c88') in 0.003751 seconds 
  Import took 0.008030 seconds .

========================================================================
Received Prepare
Registering precompiled user dll's ...
Registered in 0.002330 seconds.
Begin MonoManager ReloadAssembly
Native extension for OSXStandalone target not found
Native extension for WebGL target not found
Refreshing native plugins compatible for Editor in 0.74 ms, found 3 plugins.
Preloading 0 native plugins for Editor in 0.00 ms.
2022-04-17 17:54:39.221 Unity[15237:457286] NSEventModifierFlagFunction specified to -setKeyEquivalentModifierMask: for item <NSMenuItem: 0x600000141340 Font Asset, ke='Command-F12'>, but is only supported for system-provided menu items; will not be used
Mono: successfully reloaded assembly
- Completed reload, in  1.365 seconds
Domain Reload Profiling:
	ReloadAssembly (1365ms)
		BeginReloadAssembly (135ms)
			ExecutionOrderSort (0ms)
			DisableScriptedObjects (12ms)
			BackupInstance (0ms)
			ReleaseScriptingObjects (0ms)
			CreateAndSetChildDomain (64ms)
		EndReloadAssembly (1155ms)
			LoadAssemblies (86ms)
			RebuildTransferFunctionScriptingTraits (0ms)
			SetupTypeCache (403ms)
			ReleaseScriptCaches (1ms)
			RebuildScriptCaches (71ms)
			SetupLoadedEditorAssemblies (421ms)
				LogAssemblyErrors (0ms)
				InitializePlatformSupportModulesInManaged (8ms)
				SetLoadedEditorAssemblies (1ms)
				RefreshPlugins (1ms)
				BeforeProcessingInitializeOnLoad (115ms)
				ProcessInitializeOnLoadAttributes (278ms)
				ProcessInitializeOnLoadMethodAttributes (18ms)
				AfterProcessingInitializeOnLoad (1ms)
				EditorAssembliesLoaded (0ms)
			ExecutionOrderSort2 (0ms)
			AwakeInstancesAfterBackupRestoration (13ms)
Platform modules already initialized, skipping
Refreshing native plugins compatible for Editor in 0.50 ms, found 3 plugins.
Preloading 0 native plugins for Editor in 0.00 ms.
Unloading 2201 Unused Serialized files (Serialized files now loaded: 0)
System memory in use before: 220.9 MB.
System memory in use after: 221.1 MB.

Unloading 14 unused Assets to reduce memory usage. Loaded Objects now: 2766.
Total: 5.784893 ms (FindLiveObjects: 0.344203 ms CreateObjectMapping: 0.148224 ms MarkObjects: 5.267096 ms  DeleteObjects: 0.024125 ms)

AssetImportParameters requested are different than current active one (requested -> active):
  custom:video-decoder-ogg-theora: a1e56fd34408186e4bbccfd4996cb3dc -> 
  custom:container-muxer-webm: aa71ff27fc2769a1b78a27578f13a17b -> 
  custom:container-demuxer-webm: 4f35f7cbe854078d1ac9338744f61a02 -> 
  custom:container-demuxer-ogg: 62fdf1f143b41e24485cea50d1cbac27 -> 
  custom:video-encoder-webm-vp8: eb34c28f22e8b96e1ab97ce403110664 -> 
  custom:framework-osx-AVFoundation: e770b220cccbd017edd2c1fefb359320 -> 
  custom:video-decoder-webm-vp8: 9c59270c3fd7afecdb556c50c9e8de78 -> 
  custom:audio-decoder-ogg-vorbis: bf7c407c2cedff20999df2af8eb42d56 -> 
  custom:audio-encoder-webm-vorbis: bf7c407c2cedff20999df2af8eb42d56 -> 
========================================================================
Received Prepare
Registering precompiled user dll's ...
Registered in 0.001180 seconds.
Begin MonoManager ReloadAssembly
Native extension for OSXStandalone target not found
Native extension for WebGL target not found
Refreshing native plugins compatible for Editor in 0.72 ms, found 3 plugins.
Preloading 0 native plugins for Editor in 0.00 ms.
2022-04-17 17:55:03.575 Unity[15237:457286] NSEventModifierFlagFunction specified to -setKeyEquivalentModifierMask: for item <NSMenuItem: 0x600000140770 Font Asset, ke='Command-F12'>, but is only supported for system-provided menu items; will not be used
Mono: successfully reloaded assembly
- Completed reload, in  1.268 seconds
Domain Reload Profiling:
	ReloadAssembly (1269ms)
		BeginReloadAssembly (116ms)
			ExecutionOrderSort (0ms)
			DisableScriptedObjects (12ms)
			BackupInstance (0ms)
			ReleaseScriptingObjects (0ms)
			CreateAndSetChildDomain (51ms)
		EndReloadAssembly (1081ms)
			LoadAssemblies (78ms)
			RebuildTransferFunctionScriptingTraits (0ms)
			SetupTypeCache (394ms)
			ReleaseScriptCaches (1ms)
			RebuildScriptCaches (63ms)
			SetupLoadedEditorAssemblies (391ms)
				LogAssemblyErrors (0ms)
				InitializePlatformSupportModulesInManaged (6ms)
				SetLoadedEditorAssemblies (1ms)
				RefreshPlugins (1ms)
				BeforeProcessingInitializeOnLoad (125ms)
				ProcessInitializeOnLoadAttributes (246ms)
				ProcessInitializeOnLoadMethodAttributes (12ms)
				AfterProcessingInitializeOnLoad (1ms)
				EditorAssembliesLoaded (0ms)
			ExecutionOrderSort2 (0ms)
			AwakeInstancesAfterBackupRestoration (10ms)
Platform modules already initialized, skipping
Refreshing native plugins compatible for Editor in 0.69 ms, found 3 plugins.
Preloading 0 native plugins for Editor in 0.00 ms.
Unloading 2201 Unused Serialized files (Serialized files now loaded: 0)
System memory in use before: 221.1 MB.
System memory in use after: 221.3 MB.

Unloading 14 unused Assets to reduce memory usage. Loaded Objects now: 2769.
Total: 3.280320 ms (FindLiveObjects: 0.268461 ms CreateObjectMapping: 0.096005 ms MarkObjects: 2.898171 ms  DeleteObjects: 0.016983 ms)

AssetImportParameters requested are different than current active one (requested -> active):
  custom:video-decoder-ogg-theora: a1e56fd34408186e4bbccfd4996cb3dc -> 
  custom:container-muxer-webm: aa71ff27fc2769a1b78a27578f13a17b -> 
  custom:container-demuxer-webm: 4f35f7cbe854078d1ac9338744f61a02 -> 
  custom:container-demuxer-ogg: 62fdf1f143b41e24485cea50d1cbac27 -> 
  custom:video-encoder-webm-vp8: eb34c28f22e8b96e1ab97ce403110664 -> 
  custom:framework-osx-AVFoundation: e770b220cccbd017edd2c1fefb359320 -> 
  custom:video-decoder-webm-vp8: 9c59270c3fd7afecdb556c50c9e8de78 -> 
  custom:audio-decoder-ogg-vorbis: bf7c407c2cedff20999df2af8eb42d56 -> 
  custom:audio-encoder-webm-vorbis: bf7c407c2cedff20999df2af8eb42d56 -> 
========================================================================
Received Prepare
Registering precompiled user dll's ...
Registered in 0.002164 seconds.
Begin MonoManager ReloadAssembly
Native extension for OSXStandalone target not found
Native extension for WebGL target not found
Refreshing native plugins compatible for Editor in 0.53 ms, found 3 plugins.
Preloading 0 native plugins for Editor in 0.00 ms.
2022-04-17 17:55:17.199 Unity[15237:457286] NSEventModifierFlagFunction specified to -setKeyEquivalentModifierMask: for item <NSMenuItem: 0x600000156680 Font Asset, ke='Command-F12'>, but is only supported for system-provided menu items; will not be used
Mono: successfully reloaded assembly
- Completed reload, in  1.438 seconds
Domain Reload Profiling:
	ReloadAssembly (1438ms)
		BeginReloadAssembly (157ms)
			ExecutionOrderSort (0ms)
			DisableScriptedObjects (14ms)
			BackupInstance (0ms)
			ReleaseScriptingObjects (0ms)
			CreateAndSetChildDomain (72ms)
		EndReloadAssembly (1192ms)
			LoadAssemblies (105ms)
			RebuildTransferFunctionScriptingTraits (0ms)
			SetupTypeCache (422ms)
			ReleaseScriptCaches (1ms)
			RebuildScriptCaches (91ms)
			SetupLoadedEditorAssemblies (414ms)
				LogAssemblyErrors (0ms)
				InitializePlatformSupportModulesInManaged (7ms)
				SetLoadedEditorAssemblies (1ms)
				RefreshPlugins (1ms)
				BeforeProcessingInitializeOnLoad (111ms)
				ProcessInitializeOnLoadAttributes (281ms)
				ProcessInitializeOnLoadMethodAttributes (12ms)
				AfterProcessingInitializeOnLoad (1ms)
				EditorAssembliesLoaded (0ms)
			ExecutionOrderSort2 (0ms)
			AwakeInstancesAfterBackupRestoration (13ms)
Platform modules already initialized, skipping
Refreshing native plugins compatible for Editor in 0.47 ms, found 3 plugins.
Preloading 0 native plugins for Editor in 0.00 ms.
Unloading 2201 Unused Serialized files (Serialized files now loaded: 0)
System memory in use before: 221.4 MB.
System memory in use after: 221.6 MB.

Unloading 14 unused Assets to reduce memory usage. Loaded Objects now: 2772.
Total: 5.742777 ms (FindLiveObjects: 0.563954 ms CreateObjectMapping: 0.422955 ms MarkObjects: 4.733422 ms  DeleteObjects: 0.020747 ms)

AssetImportParameters requested are different than current active one (requested -> active):
  custom:video-decoder-ogg-theora: a1e56fd34408186e4bbccfd4996cb3dc -> 
  custom:container-muxer-webm: aa71ff27fc2769a1b78a27578f13a17b -> 
  custom:container-demuxer-webm: 4f35f7cbe854078d1ac9338744f61a02 -> 
  custom:container-demuxer-ogg: 62fdf1f143b41e24485cea50d1cbac27 -> 
  custom:video-encoder-webm-vp8: eb34c28f22e8b96e1ab97ce403110664 -> 
  custom:framework-osx-AVFoundation: e770b220cccbd017edd2c1fefb359320 -> 
  custom:video-decoder-webm-vp8: 9c59270c3fd7afecdb556c50c9e8de78 -> 
  custom:audio-decoder-ogg-vorbis: bf7c407c2cedff20999df2af8eb42d56 -> 
  custom:audio-encoder-webm-vorbis: bf7c407c2cedff20999df2af8eb42d56 -> 
========================================================================
Received Import Request.
  Time since last request: 66.873447 seconds.
  path: Assets/Scenes/level1win.unity
  artifactKey: Guid(b222e7b7c6d0f914e941d1b263a99bdf) Importer(815301076,1909f56bfc062723c751e8b465ee728b)
Start importing Assets/Scenes/level1win.unity using Guid(b222e7b7c6d0f914e941d1b263a99bdf) Importer(815301076,1909f56bfc062723c751e8b465ee728b)  -> (artifact id: '07070254bf860062206452ef02283a92') in 0.012493 seconds 
  Import took 0.016491 seconds .

========================================================================
Received Import Request.
  Time since last request: 1.483907 seconds.
  path: Assets/Scenes/level2.unity
  artifactKey: Guid(8c09ceb2c7471894caed83c427b9521c) Importer(815301076,1909f56bfc062723c751e8b465ee728b)
Start importing Assets/Scenes/level2.unity using Guid(8c09ceb2c7471894caed83c427b9521c) Importer(815301076,1909f56bfc062723c751e8b465ee728b)  -> (artifact id: '2a25c1289aaccff44020a4c55aaa01fc') in 0.004035 seconds 
  Import took 0.008510 seconds .

========================================================================
Received Import Request.
  Time since last request: 21.976312 seconds.
  path: Assets/Scenes/Combat.unity
  artifactKey: Guid(1033806e9b1d34d4598b436eec843d99) Importer(815301076,1909f56bfc062723c751e8b465ee728b)
Start importing Assets/Scenes/Combat.unity using Guid(1033806e9b1d34d4598b436eec843d99) Importer(815301076,1909f56bfc062723c751e8b465ee728b)  -> (artifact id: 'dba70e650229f2d9f3eb28b4bd96bdf6') in 0.002630 seconds 
  Import took 0.006950 seconds .

========================================================================
Received Import Request.
  Time since last request: 7.569250 seconds.
  path: Assets/Scenes/optionsMenu.unity
  artifactKey: Guid(1abc7137dca5a3c4398cada0b96a61d0) Importer(815301076,1909f56bfc062723c751e8b465ee728b)
Start importing Assets/Scenes/optionsMenu.unity using Guid(1abc7137dca5a3c4398cada0b96a61d0) Importer(815301076,1909f56bfc062723c751e8b465ee728b)  -> (artifact id: '05448283e645758f5f37962d04ffcb83') in 0.002048 seconds 
  Import took 0.007225 seconds .

========================================================================
Received Import Request.
  Time since last request: 0.412123 seconds.
  path: Assets/Scenes/menu.unity
  artifactKey: Guid(1fb9b811d700b4932b2a074fc099cb86) Importer(815301076,1909f56bfc062723c751e8b465ee728b)
Start importing Assets/Scenes/menu.unity using Guid(1fb9b811d700b4932b2a074fc099cb86) Importer(815301076,1909f56bfc062723c751e8b465ee728b)  -> (artifact id: 'ea02a8b1fd9b3c1f58e5ade7b140bddb') in 0.003067 seconds 
  Import took 0.009192 seconds .

========================================================================
Received Import Request.
  Time since last request: 25.881489 seconds.
  path: Assets/Scenes/level1win.unity
  artifactKey: Guid(b222e7b7c6d0f914e941d1b263a99bdf) Importer(815301076,1909f56bfc062723c751e8b465ee728b)
Start importing Assets/Scenes/level1win.unity using Guid(b222e7b7c6d0f914e941d1b263a99bdf) Importer(815301076,1909f56bfc062723c751e8b465ee728b)  -> (artifact id: '107db0995d71c9a0750e6e4e6bf2ca51') in 0.003828 seconds 
  Import took 0.007611 seconds .

